Loading the ModusToolbox Technology Packs and Early Access Packs
Finished loading the ModusToolbox Technology Packs and Early Access Packs (4 ms)
Loading the tools information
Finished loading the tools information (54 ms)
Loading the manifest data
Loading super manfiest files from all sources
Getting manifests from remote and/or local sources
Processing system manifest 'https://modustoolbox.infineon.com/manifests/mtb-super-manifest/v2.X/mtb-super-manifest-fv2.xml'
Downloading super manifest file 'https://modustoolbox.infineon.com/manifests/mtb-super-manifest/v2.X/mtb-super-manifest-fv2.xml'
Finished loading super manifest files from all sources
Finished download of file 'https://modustoolbox.infineon.com/manifests/mtb-super-manifest/v2.X/mtb-super-manifest-fv2.xml'
Starting to parse super manifest with URL 'https://modustoolbox.infineon.com/manifests/mtb-super-manifest/v2.X/mtb-super-manifest-fv2.xml'
Finished parsing super manifest with URL 'https://modustoolbox.infineon.com/manifests/mtb-super-manifest/v2.X/mtb-super-manifest-fv2.xml'
Downloading manifest file 'https://github.com/Infineon/mtb-ce-manifest/raw/v2.X/mtb-ce-manifest.xml'
Downloading manifest file 'https://github.com/Infineon/mtb-ce-manifest/raw/v2.X/mtb-ce-manifest-fv2.xml'
Downloading manifest file 'https://github.com/Infineon/mtb-bt-app-manifest/raw/v2.X/mtb-bt-app-manifest.xml'
Downloading manifest file 'https://github.com/Infineon/mtb-bt-app-manifest/raw/v2.X/mtb-bt-app-manifest-fv2.xml'
Downloading manifest file 'https://github.com/Infineon/cce-app-manifest/raw/v2.X/cce-app-manifest-fv2.xml'
Downloading manifest file 'https://github.com/Altia-Marketing/altia-ce-manifest/raw/main/altia-ce-manifest-fv2.xml'
Downloading manifest file 'https://github.com/CyberonEBU/cyberon-mtb-ce-manifest/raw/main/cyberon-mtb-ce-manifest-fv2.xml'
Downloading manifest file 'https://github.com/edgeimpulse/edgeimpulse-ce-manifest/raw/main/edgeimpulse-ce-manifest-fv2.xml'
Downloading manifest file 'https://github.com/golioth/mtb-golioth-ce-manifest/raw/main/mtb-golioth-ce-manifest-fv2.xml'
Downloading manifest file 'https://github.com/memfault/mtb-memfault-ce-manifest/raw/main/mtb-memfault-ce-manifest-fv2.xml'
Downloading manifest file 'https://github.com/RutronikSystemSolutions/rutronik-ce-manifest/raw/main/rutronik-ce-manifest-fv2.xml'
Downloading manifest file 'https://github.com/sensiml/sensiml-ce-manifest/raw/main/sensiml-ce-manifest-fv2.xml'
Downloading manifest file 'https://github.com/Infineon/mtb-bsp-manifest/raw/v2.X/mtb-bsp-manifest.xml'
Downloading manifest file 'https://github.com/Infineon/mtb-bsp-manifest/raw/v2.X/mtb-bsp-capabilities-manifest.json'
Downloading manifest file 'https://github.com/Infineon/mtb-bsp-manifest/raw/v2.X/mtb-bsp-manifest-fv2.xml'
Downloading manifest file 'https://github.com/Infineon/mtb-bsp-manifest/raw/v2.X/mtb-bsp-dependencies-manifest.xml'
Downloading manifest file 'https://github.com/Infineon/mtb-bt-bsp-manifest/raw/v2.X/mtb-bt-bsp-manifest.xml'
Downloading manifest file 'https://github.com/Infineon/mtb-bt-bsp-manifest/raw/v2.X/mtb-bt-bsp-manifest-fv2.xml'
Downloading manifest file 'https://github.com/Infineon/mtb-bt-bsp-manifest/raw/v2.X/mtb-bt-bsp-dependencies-manifest.xml'
Downloading manifest file 'https://github.com/Inventek/inventek-bsp-manifest/raw/main/inventek-bsp-manifest-fv2.xml'
Downloading manifest file 'https://github.com/Inventek/inventek-bsp-manifest/raw/main/inventek-bsp-dependencies-manifest.xml'
Downloading manifest file 'https://github.com/RutronikSystemSolutions/rutronik-bsp-manifest/raw/main/rutronik-bsp-manifest-fv2.xml'
Downloading manifest file 'https://github.com/RutronikSystemSolutions/rutronik-bsp-manifest/raw/main/rutronik-bsp-dependencies-manifest.xml'
Downloading manifest file 'https://github.com/Infineon/mtb-mw-manifest/raw/v2.X/mtb-mw-manifest.xml'
Downloading manifest file 'https://github.com/Infineon/mtb-mw-manifest/raw/v2.X/mtb-mw-manifest-fv2.xml'
Downloading manifest file 'https://github.com/Infineon/mtb-mw-manifest/raw/v2.X/mtb-mw-dependencies-manifest.xml'
Downloading manifest file 'https://github.com/Infineon/mtb-bt-mw-manifest/raw/v2.X/mtb-bt-mw-manifest.xml'
Downloading manifest file 'https://github.com/Infineon/mtb-bt-mw-manifest/raw/v2.X/mtb-bt-mw-manifest-fv2.xml'
Downloading manifest file 'https://github.com/Infineon/mtb-bt-mw-manifest/raw/v2.X/mtb-bt-mw-dependencies-manifest.xml'
Downloading manifest file 'https://github.com/Infineon/mtb-wifi-mw-manifest/raw/v2.X/mtb-wifi-mw-manifest.xml'
Downloading manifest file 'https://github.com/Infineon/mtb-wifi-mw-manifest/raw/v2.X/mtb-wifi-mw-manifest-fv2.xml'
Downloading manifest file 'https://github.com/Infineon/mtb-wifi-mw-manifest/raw/v2.X/mtb-wifi-mw-dependencies-manifest.xml'
Downloading manifest file 'https://github.com/CyberonEBU/cyberon-mtb-mw-manifest/raw/main/cyberon-mtb-mw-manifest-fv2.xml'
Downloading manifest file 'https://github.com/golioth/mtb-golioth-mw-manifest/raw/main/mtb-golioth-mw-manifest-fv2.xml'
Downloading manifest file 'https://github.com/memfault/mtb-memfault-mw-manifest/raw/main/mtb-memfault-mw-manifest-fv2.xml'
Downloading manifest file 'https://github.com/sensiml/sensiml-mw-manifest/raw/main/sensiml-mw-manifest-fv2.xml'
Finished download of file 'https://github.com/Infineon/mtb-ce-manifest/raw/v2.X/mtb-ce-manifest.xml'
Finished download of file 'https://github.com/Infineon/mtb-ce-manifest/raw/v2.X/mtb-ce-manifest-fv2.xml'
Finished download of file 'https://github.com/Infineon/mtb-bt-app-manifest/raw/v2.X/mtb-bt-app-manifest.xml'
Finished download of file 'https://github.com/Infineon/mtb-bt-app-manifest/raw/v2.X/mtb-bt-app-manifest-fv2.xml'
Finished download of file 'https://github.com/Infineon/cce-app-manifest/raw/v2.X/cce-app-manifest-fv2.xml'
Finished download of file 'https://github.com/Altia-Marketing/altia-ce-manifest/raw/main/altia-ce-manifest-fv2.xml'
Finished download of file 'https://github.com/CyberonEBU/cyberon-mtb-ce-manifest/raw/main/cyberon-mtb-ce-manifest-fv2.xml'
Finished download of file 'https://github.com/edgeimpulse/edgeimpulse-ce-manifest/raw/main/edgeimpulse-ce-manifest-fv2.xml'
Finished download of file 'https://github.com/golioth/mtb-golioth-ce-manifest/raw/main/mtb-golioth-ce-manifest-fv2.xml'
Finished download of file 'https://github.com/memfault/mtb-memfault-ce-manifest/raw/main/mtb-memfault-ce-manifest-fv2.xml'
Finished download of file 'https://github.com/RutronikSystemSolutions/rutronik-ce-manifest/raw/main/rutronik-ce-manifest-fv2.xml'
Finished download of file 'https://github.com/sensiml/sensiml-ce-manifest/raw/main/sensiml-ce-manifest-fv2.xml'
Finished download of file 'https://github.com/Infineon/mtb-bsp-manifest/raw/v2.X/mtb-bsp-manifest.xml'
Finished download of file 'https://github.com/Infineon/mtb-bsp-manifest/raw/v2.X/mtb-bsp-capabilities-manifest.json'
Finished download of file 'https://github.com/Infineon/mtb-bsp-manifest/raw/v2.X/mtb-bsp-manifest-fv2.xml'
Finished download of file 'https://github.com/Infineon/mtb-bsp-manifest/raw/v2.X/mtb-bsp-dependencies-manifest.xml'
Finished download of file 'https://github.com/Infineon/mtb-bt-bsp-manifest/raw/v2.X/mtb-bt-bsp-manifest.xml'
Finished download of file 'https://github.com/Infineon/mtb-bt-bsp-manifest/raw/v2.X/mtb-bt-bsp-manifest-fv2.xml'
Finished download of file 'https://github.com/Infineon/mtb-bt-bsp-manifest/raw/v2.X/mtb-bt-bsp-dependencies-manifest.xml'
Finished download of file 'https://github.com/Inventek/inventek-bsp-manifest/raw/main/inventek-bsp-manifest-fv2.xml'
Finished download of file 'https://github.com/Inventek/inventek-bsp-manifest/raw/main/inventek-bsp-dependencies-manifest.xml'
Finished download of file 'https://github.com/RutronikSystemSolutions/rutronik-bsp-manifest/raw/main/rutronik-bsp-manifest-fv2.xml'
Finished download of file 'https://github.com/RutronikSystemSolutions/rutronik-bsp-manifest/raw/main/rutronik-bsp-dependencies-manifest.xml'
Finished download of file 'https://github.com/Infineon/mtb-mw-manifest/raw/v2.X/mtb-mw-manifest.xml'
Finished download of file 'https://github.com/Infineon/mtb-mw-manifest/raw/v2.X/mtb-mw-manifest-fv2.xml'
Finished download of file 'https://github.com/Infineon/mtb-mw-manifest/raw/v2.X/mtb-mw-dependencies-manifest.xml'
Finished download of file 'https://github.com/Infineon/mtb-bt-mw-manifest/raw/v2.X/mtb-bt-mw-manifest.xml'
Finished download of file 'https://github.com/Infineon/mtb-bt-mw-manifest/raw/v2.X/mtb-bt-mw-manifest-fv2.xml'
Finished download of file 'https://github.com/Infineon/mtb-bt-mw-manifest/raw/v2.X/mtb-bt-mw-dependencies-manifest.xml'
Finished download of file 'https://github.com/Infineon/mtb-wifi-mw-manifest/raw/v2.X/mtb-wifi-mw-manifest.xml'
Finished download of file 'https://github.com/Infineon/mtb-wifi-mw-manifest/raw/v2.X/mtb-wifi-mw-manifest-fv2.xml'
Finished download of file 'https://github.com/Infineon/mtb-wifi-mw-manifest/raw/v2.X/mtb-wifi-mw-dependencies-manifest.xml'
Finished download of file 'https://github.com/CyberonEBU/cyberon-mtb-mw-manifest/raw/main/cyberon-mtb-mw-manifest-fv2.xml'
Finished download of file 'https://github.com/golioth/mtb-golioth-mw-manifest/raw/main/mtb-golioth-mw-manifest-fv2.xml'
Finished download of file 'https://github.com/memfault/mtb-memfault-mw-manifest/raw/main/mtb-memfault-mw-manifest-fv2.xml'
Finished download of file 'https://github.com/sensiml/sensiml-mw-manifest/raw/main/sensiml-mw-manifest-fv2.xml'
Finished loading the manifest data (6377 ms)
Loading the device db
Finished loading the device db (2745 ms)
0 error(s), 0 warning(s)

Summary: 

BSP: CY8CPROTO-062-4343W
Template Application(s): Integrasi_6
Application(s) Root Path: C:/Users/bosta/OneDrive/Documents/Programming/PSoC6/Development/integrasi/integ_2

Press "Create" to create the selected application(s).

Collecting application data...

Info: The following entered on the command line will create the exact same project as that created with the GUI tool:
C:/Users/bosta/ModusToolbox/tools_3.1/project-creator/project-creator-cli.exe --board-id CY8CPROTO-062-4343W --board-uri https://github.com/cypresssemiconductorco/TARGET_CY8CPROTO-062-4343W --board-commit latest-v4.X --app-path C:/Users/bosta/OneDrive/Documents/Programming/PSoC6/Development/integrasi/integ_1/Integrasi_6 --target-dir C:/Users/bosta/OneDrive/Documents/Programming/PSoC6/Development/integrasi/integ_2 --user-app-name WMSHardware_v1 --use-modus-shell

Starting application creation for 'C:/Users/bosta/OneDrive/Documents/Programming/PSoC6/Development/integrasi/integ_2/WMSHardware_v1'.
Acquiring the application source 'C:/Users/bosta/OneDrive/Documents/Programming/PSoC6/Development/integrasi/integ_1/Integrasi_6'.
Copying C:/Users/bosta/OneDrive/Documents/Programming/PSoC6/Development/integrasi/integ_1/Integrasi_6 to C:/Users/bosta/OneDrive/Documents/Programming/PSoC6/Development/integrasi/integ_2/WMSHardware_v1.
Copied C:/Users/bosta/OneDrive/Documents/Programming/PSoC6/Development/integrasi/integ_1/Integrasi_6 to C:/Users/bosta/OneDrive/Documents/Programming/PSoC6/Development/integrasi/integ_2/WMSHardware_v1.
Acquired application source successfully.
Loading the application.
Loaded the application successfully.
Processing project 'WMSHardware_v1'.
Starting to commit changes to the filesystem and project 'mtb-example-psoc6-secure-blinkyled-freertos'.
Writing mtb file for asset 'CY8CPROTO-062-4343W' to the folder 'C:/Users/bosta/OneDrive/Documents/Programming/PSoC6/Development/integrasi/integ_2/WMSHardware_v1/deps'.
Starting: git -C C:/Users/bosta/OneDrive/Documents/Programming/PSoC6/Development/integrasi/integ_2/mtb_shared/display-oled-ssd1306/release-v1.0.2 fetch --recurse-submodules=no --tags --force cypress --update-head-ok "refs/heads/*:refs/heads/*" --quiet
Starting: git -C C:/Users/bosta/OneDrive/Documents/Programming/PSoC6/Development/integrasi/integ_2/mtb_shared/emwin clone --origin cypress --no-checkout https://github.com/cypresssemiconductorco/emwin release-v6.32.0
Starting: git -C C:/Users/bosta/OneDrive/Documents/Programming/PSoC6/Development/integrasi/integ_2/mtb_shared/freertos/release-v10.4.302 fetch --recurse-submodules=no --tags --force cypress --update-head-ok "refs/heads/*:refs/heads/*" --quiet
Starting: git -C C:/Users/bosta/OneDrive/Documents/Programming/PSoC6/Development/integrasi/integ_2/mtb_shared/retarget-io/release-v1.5.0 fetch --recurse-submodules=no --tags --force cypress --update-head-ok "refs/heads/*:refs/heads/*" --quiet
Cloning into 'release-v6.32.0'...
Success: git -C C:/Users/bosta/OneDrive/Documents/Programming/PSoC6/Development/integrasi/integ_2/mtb_shared/retarget-io/release-v1.5.0 fetch --recurse-submodules=no --tags --force cypress --update-head-ok "refs/heads/*:refs/heads/*" --quiet
Starting: git -C C:/Users/bosta/OneDrive/Documents/Programming/PSoC6/Development/integrasi/integ_2/WMSHardware_v1/libs clone --origin cypress --no-checkout https://github.com/cypresssemiconductorco/TARGET_CY8CPROTO-062-4343W TARGET_CY8CPROTO-062-4343W
Success: git -C C:/Users/bosta/OneDrive/Documents/Programming/PSoC6/Development/integrasi/integ_2/mtb_shared/display-oled-ssd1306/release-v1.0.2 fetch --recurse-submodules=no --tags --force cypress --update-head-ok "refs/heads/*:refs/heads/*" --quiet
Starting: git -C C:/Users/bosta/OneDrive/Documents/Programming/PSoC6/Development/integrasi/integ_2/mtb_shared/abstraction-rtos/release-v1.7.6 fetch --recurse-submodules=no --tags --force cypress --update-head-ok "refs/heads/*:refs/heads/*" --quiet
Cloning into 'TARGET_CY8CPROTO-062-4343W'...
Success: git -C C:/Users/bosta/OneDrive/Documents/Programming/PSoC6/Development/integrasi/integ_2/mtb_shared/freertos/release-v10.4.302 fetch --recurse-submodules=no --tags --force cypress --update-head-ok "refs/heads/*:refs/heads/*" --quiet
Starting: git -C C:/Users/bosta/OneDrive/Documents/Programming/PSoC6/Development/integrasi/integ_2/mtb_shared/cat1cm0p/release-v1.5.0 fetch --recurse-submodules=no --tags --force cypress --update-head-ok "refs/heads/*:refs/heads/*" --quiet
Success: git -C C:/Users/bosta/OneDrive/Documents/Programming/PSoC6/Development/integrasi/integ_2/mtb_shared/abstraction-rtos/release-v1.7.6 fetch --recurse-submodules=no --tags --force cypress --update-head-ok "refs/heads/*:refs/heads/*" --quiet
Starting: git -C C:/Users/bosta/OneDrive/Documents/Programming/PSoC6/Development/integrasi/integ_2/mtb_shared/clib-support/release-v1.4.2 fetch --recurse-submodules=no --tags --force cypress --update-head-ok "refs/heads/*:refs/heads/*" --quiet
Success: git -C C:/Users/bosta/OneDrive/Documents/Programming/PSoC6/Development/integrasi/integ_2/mtb_shared/cat1cm0p/release-v1.5.0 fetch --recurse-submodules=no --tags --force cypress --update-head-ok "refs/heads/*:refs/heads/*" --quiet
Starting: git -C C:/Users/bosta/OneDrive/Documents/Programming/PSoC6/Development/integrasi/integ_2/mtb_shared/cmsis/release-v5.8.0 fetch --recurse-submodules=no --tags --force cypress --update-head-ok "refs/heads/*:refs/heads/*" --quiet
Success: git -C C:/Users/bosta/OneDrive/Documents/Programming/PSoC6/Development/integrasi/integ_2/mtb_shared/clib-support/release-v1.4.2 fetch --recurse-submodules=no --tags --force cypress --update-head-ok "refs/heads/*:refs/heads/*" --quiet
Starting: git -C C:/Users/bosta/OneDrive/Documents/Programming/PSoC6/Development/integrasi/integ_2/mtb_shared/core-lib/release-v1.4.1 fetch --recurse-submodules=no --tags --force cypress --update-head-ok "refs/heads/*:refs/heads/*" --quiet
Success: git -C C:/Users/bosta/OneDrive/Documents/Programming/PSoC6/Development/integrasi/integ_2/WMSHardware_v1/libs clone --origin cypress --no-checkout https://github.com/cypresssemiconductorco/TARGET_CY8CPROTO-062-4343W TARGET_CY8CPROTO-062-4343W
Starting: git -C C:/Users/bosta/OneDrive/Documents/Programming/PSoC6/Development/integrasi/integ_2/mtb_shared/core-make/release-v3.3.1 fetch --recurse-submodules=no --tags --force cypress --update-head-ok "refs/heads/*:refs/heads/*" --quiet
Success: git -C C:/Users/bosta/OneDrive/Documents/Programming/PSoC6/Development/integrasi/integ_2/mtb_shared/cmsis/release-v5.8.0 fetch --recurse-submodules=no --tags --force cypress --update-head-ok "refs/heads/*:refs/heads/*" --quiet
Starting: git -C C:/Users/bosta/.modustoolbox/global/device-db/release-v4.14.0 fetch --recurse-submodules=no --tags --force cypress --update-head-ok "refs/heads/*:refs/heads/*" --quiet
Success: git -C C:/Users/bosta/OneDrive/Documents/Programming/PSoC6/Development/integrasi/integ_2/mtb_shared/core-lib/release-v1.4.1 fetch --recurse-submodules=no --tags --force cypress --update-head-ok "refs/heads/*:refs/heads/*" --quiet
Starting: git -C C:/Users/bosta/OneDrive/Documents/Programming/PSoC6/Development/integrasi/integ_2/mtb_shared/mtb-hal-cat1/release-v2.6.0 fetch --recurse-submodules=no --tags --force cypress --update-head-ok "refs/heads/*:refs/heads/*" --quiet
Success: git -C C:/Users/bosta/OneDrive/Documents/Programming/PSoC6/Development/integrasi/integ_2/mtb_shared/core-make/release-v3.3.1 fetch --recurse-submodules=no --tags --force cypress --update-head-ok "refs/heads/*:refs/heads/*" --quiet
Starting: git -C C:/Users/bosta/OneDrive/Documents/Programming/PSoC6/Development/integrasi/integ_2/mtb_shared/mtb-pdl-cat1/release-v3.10.0 fetch --recurse-submodules=no --tags --force cypress --update-head-ok "refs/heads/*:refs/heads/*" --quiet
Success: git -C C:/Users/bosta/.modustoolbox/global/device-db/release-v4.14.0 fetch --recurse-submodules=no --tags --force cypress --update-head-ok "refs/heads/*:refs/heads/*" --quiet
Starting: git -C C:/Users/bosta/OneDrive/Documents/Programming/PSoC6/Development/integrasi/integ_2/mtb_shared/recipe-make-cat1a/release-v2.2.1 fetch --recurse-submodules=no --tags --force cypress --update-head-ok "refs/heads/*:refs/heads/*" --quiet
Success: git -C C:/Users/bosta/OneDrive/Documents/Programming/PSoC6/Development/integrasi/integ_2/mtb_shared/mtb-hal-cat1/release-v2.6.0 fetch --recurse-submodules=no --tags --force cypress --update-head-ok "refs/heads/*:refs/heads/*" --quiet
Starting: git -C C:/Users/bosta/OneDrive/Documents/Programming/PSoC6/Development/integrasi/integ_2/mtb_shared/retarget-io/release-v1.5.0 -c advice.detachedHead=false checkout release-v1.5.0 --force
Success: git -C C:/Users/bosta/OneDrive/Documents/Programming/PSoC6/Development/integrasi/integ_2/mtb_shared/mtb-pdl-cat1/release-v3.10.0 fetch --recurse-submodules=no --tags --force cypress --update-head-ok "refs/heads/*:refs/heads/*" --quiet
Starting: git -C C:/Users/bosta/OneDrive/Documents/Programming/PSoC6/Development/integrasi/integ_2/mtb_shared/display-oled-ssd1306/release-v1.0.2 -c advice.detachedHead=false checkout release-v1.0.2 --force
HEAD is now at d604a6f Upload display-oled-ssd1306 [347]
HEAD is now at db7f962 Upload retarget-io [1515]
Success: git -C C:/Users/bosta/OneDrive/Documents/Programming/PSoC6/Development/integrasi/integ_2/mtb_shared/display-oled-ssd1306/release-v1.0.2 -c advice.detachedHead=false checkout release-v1.0.2 --force
Starting: git -C C:/Users/bosta/OneDrive/Documents/Programming/PSoC6/Development/integrasi/integ_2/mtb_shared/freertos/release-v10.4.302 -c advice.detachedHead=false checkout release-v10.4.302 --force
Success: git -C C:/Users/bosta/OneDrive/Documents/Programming/PSoC6/Development/integrasi/integ_2/mtb_shared/retarget-io/release-v1.5.0 -c advice.detachedHead=false checkout release-v1.5.0 --force
Starting: git -C C:/Users/bosta/OneDrive/Documents/Programming/PSoC6/Development/integrasi/integ_2/mtb_shared/abstraction-rtos/release-v1.7.6 -c advice.detachedHead=false checkout release-v1.7.6 --force
HEAD is now at 345e1b1 Upload abstraction-rtos [2307]
Success: git -C C:/Users/bosta/OneDrive/Documents/Programming/PSoC6/Development/integrasi/integ_2/mtb_shared/abstraction-rtos/release-v1.7.6 -c advice.detachedHead=false checkout release-v1.7.6 --force
Starting: git -C C:/Users/bosta/OneDrive/Documents/Programming/PSoC6/Development/integrasi/integ_2/mtb_shared/cat1cm0p/release-v1.5.0 -c advice.detachedHead=false checkout release-v1.5.0 --force
HEAD is now at eec6019 Upload freertos 10.4.302.343
Success: git -C C:/Users/bosta/OneDrive/Documents/Programming/PSoC6/Development/integrasi/integ_2/mtb_shared/freertos/release-v10.4.302 -c advice.detachedHead=false checkout release-v10.4.302 --force
Starting: git -C C:/Users/bosta/OneDrive/Documents/Programming/PSoC6/Development/integrasi/integ_2/mtb_shared/clib-support/release-v1.4.2 -c advice.detachedHead=false checkout release-v1.4.2 --force
Success: git -C C:/Users/bosta/OneDrive/Documents/Programming/PSoC6/Development/integrasi/integ_2/mtb_shared/recipe-make-cat1a/release-v2.2.1 fetch --recurse-submodules=no --tags --force cypress --update-head-ok "refs/heads/*:refs/heads/*" --quiet
Starting: git -C C:/Users/bosta/OneDrive/Documents/Programming/PSoC6/Development/integrasi/integ_2/WMSHardware_v1/libs/TARGET_CY8CPROTO-062-4343W -c advice.detachedHead=false checkout release-v4.2.0 --force
HEAD is now at 08904a2 Upload cat1cm0p 1.5.0.403 [2307]
Success: git -C C:/Users/bosta/OneDrive/Documents/Programming/PSoC6/Development/integrasi/integ_2/mtb_shared/cat1cm0p/release-v1.5.0 -c advice.detachedHead=false checkout release-v1.5.0 --force
Starting: git -C C:/Users/bosta/OneDrive/Documents/Programming/PSoC6/Development/integrasi/integ_2/mtb_shared/cmsis/release-v5.8.0 -c advice.detachedHead=false checkout release-v5.8.0 --force
HEAD is now at 97cf620 Upload clib-support [1864]
Success: git -C C:/Users/bosta/OneDrive/Documents/Programming/PSoC6/Development/integrasi/integ_2/mtb_shared/clib-support/release-v1.4.2 -c advice.detachedHead=false checkout release-v1.4.2 --force
Starting: git -C C:/Users/bosta/OneDrive/Documents/Programming/PSoC6/Development/integrasi/integ_2/mtb_shared/core-lib/release-v1.4.1 -c advice.detachedHead=false checkout release-v1.4.1 --force
HEAD is now at a74be8b Upload core-lib [1796]
Success: git -C C:/Users/bosta/OneDrive/Documents/Programming/PSoC6/Development/integrasi/integ_2/mtb_shared/core-lib/release-v1.4.1 -c advice.detachedHead=false checkout release-v1.4.1 --force
Starting: git -C C:/Users/bosta/OneDrive/Documents/Programming/PSoC6/Development/integrasi/integ_2/mtb_shared/core-make/release-v3.3.1 -c advice.detachedHead=false checkout release-v3.3.1 --force
HEAD is now at ce02f64 Upload cmsis 5.8.0.50
Success: git -C C:/Users/bosta/OneDrive/Documents/Programming/PSoC6/Development/integrasi/integ_2/mtb_shared/cmsis/release-v5.8.0 -c advice.detachedHead=false checkout release-v5.8.0 --force
Starting: git -C C:/Users/bosta/.modustoolbox/global/device-db/release-v4.14.0 -c advice.detachedHead=false checkout release-v4.14.0 --force
HEAD is now at 58bf444 Upload core-make 3.3.1.5153 [2252]
Success: git -C C:/Users/bosta/OneDrive/Documents/Programming/PSoC6/Development/integrasi/integ_2/mtb_shared/core-make/release-v3.3.1 -c advice.detachedHead=false checkout release-v3.3.1 --force
Starting: git -C C:/Users/bosta/OneDrive/Documents/Programming/PSoC6/Development/integrasi/integ_2/mtb_shared/mtb-hal-cat1/release-v2.6.0 -c advice.detachedHead=false checkout release-v2.6.0 --force
HEAD is now at 2ede4ff Upload mtb-hal-cat1 [2307]
Success: git -C C:/Users/bosta/OneDrive/Documents/Programming/PSoC6/Development/integrasi/integ_2/mtb_shared/mtb-hal-cat1/release-v2.6.0 -c advice.detachedHead=false checkout release-v2.6.0 --force
Starting: git -C C:/Users/bosta/OneDrive/Documents/Programming/PSoC6/Development/integrasi/integ_2/mtb_shared/mtb-pdl-cat1/release-v3.10.0 -c advice.detachedHead=false checkout release-v3.10.0 --force
HEAD is now at fff5e547 Upload device-db 4.14.0.5494 [2287]
Success: git -C C:/Users/bosta/.modustoolbox/global/device-db/release-v4.14.0 -c advice.detachedHead=false checkout release-v4.14.0 --force
Starting: git -C C:/Users/bosta/OneDrive/Documents/Programming/PSoC6/Development/integrasi/integ_2/mtb_shared/recipe-make-cat1a/release-v2.2.1 -c advice.detachedHead=false checkout release-v2.2.1 --force
HEAD is now at 3f18eed Upload recipe-make-cat1a 2.2.1.5190 [2313]
Success: git -C C:/Users/bosta/OneDrive/Documents/Programming/PSoC6/Development/integrasi/integ_2/mtb_shared/recipe-make-cat1a/release-v2.2.1 -c advice.detachedHead=false checkout release-v2.2.1 --force
HEAD is now at dc2df2d Upload mtb-pdl-cat1 3.10.0.32115 [2307]
Success: git -C C:/Users/bosta/OneDrive/Documents/Programming/PSoC6/Development/integrasi/integ_2/mtb_shared/mtb-pdl-cat1/release-v3.10.0 -c advice.detachedHead=false checkout release-v3.10.0 --force
HEAD is now at d51de59 Upload TARGET_CY8CPROTO-062-4343W [1515]
Success: git -C C:/Users/bosta/OneDrive/Documents/Programming/PSoC6/Development/integrasi/integ_2/WMSHardware_v1/libs/TARGET_CY8CPROTO-062-4343W -c advice.detachedHead=false checkout release-v4.2.0 --force
Success: git -C C:/Users/bosta/OneDrive/Documents/Programming/PSoC6/Development/integrasi/integ_2/mtb_shared/emwin clone --origin cypress --no-checkout https://github.com/cypresssemiconductorco/emwin release-v6.32.0
Starting: git -C C:/Users/bosta/OneDrive/Documents/Programming/PSoC6/Development/integrasi/integ_2/mtb_shared/emwin/release-v6.32.0 -c advice.detachedHead=false checkout release-v6.32.0 --force
HEAD is now at 5728609 Upload emwin 6.32.0.345 [1459]
Success: git -C C:/Users/bosta/OneDrive/Documents/Programming/PSoC6/Development/integrasi/integ_2/mtb_shared/emwin/release-v6.32.0 -c advice.detachedHead=false checkout release-v6.32.0 --force
Requested to change the active target to 'APP_CY8CPROTO-062-4343W'.
Removed the file 'C:/Users/bosta/OneDrive/Documents/Programming/PSoC6/Development/integrasi/integ_2/WMSHardware_v1/deps/TARGET_CY8CPROTO-062-4343W.mtb'.
Writing the file 'C:/Users/bosta/OneDrive/Documents/Programming/PSoC6/Development/integrasi/integ_2/WMSHardware_v1/libs/app.mk'.
Successfully committed changes to the project 'mtb-example-psoc6-secure-blinkyled-freertos'.
Project "WMSHardware_v1" created successfully.
Successfully created "WMSHardware_v1" application.
==============================================================================
= Export "WMSHardware_v1" application to Eclipse IDE for ModusToolbox™ =
==============================================================================
make eclipse CY_IDE_PRJNAME=WMSHardware_v1 CY_MAKE_IDE=eclipse CY_MAKE_IDE_VERSION=3.1 CY_TOOLS_PATHS=C:/Users/bosta/ModusToolbox/tools_3.1 MTB_MAKE_ECLIPSE_FORCE_REGENERATE_PROJECT=1
Tools Directory: C:/Users/bosta/ModusToolbox/tools_3.1
Removing .mtbqueryapi file...
Searching installed tools in progress...
Searching installed tools complete
Initializing build: mtb-example-psoc6-secure-blinkyled-freertos Debug APP_CY8CPROTO-062-4343W GCC_ARM
Prebuild operations complete
Auto-discovery in progress...
Auto-discovery complete
Commencing build operations...
Tools Directory: C:/Users/bosta/ModusToolbox/tools_3.1
Constructing build rules...
Build rules construction complete
==============================================================================
= Building application =
==============================================================================
Generating compilation database file...
-> ./build/compile_commands.json
Compilation database file generation complete
Generated C:/Users/bosta/OneDrive/Documents/Programming/PSoC6/Development/integrasi/integ_2/WMSHardware_v1/.cproject
Generated C:/Users/bosta/OneDrive/Documents/Programming/PSoC6/Development/integrasi/integ_2/WMSHardware_v1/.project
Generated C:/Users/bosta/OneDrive/Documents/Programming/PSoC6/Development/integrasi/integ_2/WMSHardware_v1/.mtbLaunchConfigs/WMSHardware_v1 Attach (KitProg3_MiniProg4).launch
Generated C:/Users/bosta/OneDrive/Documents/Programming/PSoC6/Development/integrasi/integ_2/WMSHardware_v1/.mtbLaunchConfigs/WMSHardware_v1 Debug (KitProg3_MiniProg4).launch
Generated C:/Users/bosta/OneDrive/Documents/Programming/PSoC6/Development/integrasi/integ_2/WMSHardware_v1/.mtbLaunchConfigs/WMSHardware_v1 Erase (KitProg3_MiniProg4).launch
Generated C:/Users/bosta/OneDrive/Documents/Programming/PSoC6/Development/integrasi/integ_2/WMSHardware_v1/.mtbLaunchConfigs/WMSHardware_v1 Program (KitProg3_MiniProg4).launch
Instructions:
1. Open Eclipse IDE for ModusToolbox
2. Select 'Import Existing Application In-Place' from the QuickPanel
3. Browse to the application root directory
The application "WMSHardware_v1" was successfully exported to Eclipse IDE for ModusToolbox™.
0 error(s), 0 warning(s)

Summary:

Successfully created and exported "WMSHardware_v1" application.
